<?xml version="1.0" encoding="UTF-8"?>
<!-- Generated by org.testng.reporters.JUnitReportReporter -->
<testsuite hostname="SIEMENSDC" failures="0" tests="2" name="E_LibraryApp.elibrary.LibraryTest" time="0.013" errors="0" timestamp="13 May 2019 09:24:00 GMT">
  <testcase classname="E_LibraryApp.elibrary.LibraryTest" name="testLibrarySize" time="0.013"/>
  <testcase classname="E_LibraryApp.elibrary.LibraryTest" name="testLibrarySearch" time="0.000"/>
</testsuite> <!-- E_LibraryApp.elibrary.LibraryTest -->
